c:\users\victor\c++\tutorials\exam_i\debug\vc142.pdb
c:\users\victor\c++\tutorials\exam_i\debug\vc142.idb
c:\users\victor\c++\tutorials\exam_i\debug\physics.obj
c:\users\victor\c++\tutorials\exam_i\debug\exam_i.obj
c:\users\victor\c++\tutorials\exam_i\debug\exam_i.pdb
c:\users\victor\c++\tutorials\exam_i\debug\exam_i.tlog\cl.command.1.tlog
c:\users\victor\c++\tutorials\exam_i\debug\exam_i.tlog\cl.read.1.tlog
c:\users\victor\c++\tutorials\exam_i\debug\exam_i.tlog\cl.write.1.tlog
c:\users\victor\c++\tutorials\exam_i\debug\exam_i.tlog\link-cvtres.read.1.tlog
c:\users\victor\c++\tutorials\exam_i\debug\exam_i.tlog\link-cvtres.write.1.tlog
c:\users\victor\c++\tutorials\exam_i\debug\exam_i.tlog\link-rc.read.1.tlog
c:\users\victor\c++\tutorials\exam_i\debug\exam_i.tlog\link-rc.write.1.tlog
c:\users\victor\c++\tutorials\exam_i\debug\exam_i.tlog\link.7968-cvtres.read.1.tlog
c:\users\victor\c++\tutorials\exam_i\debug\exam_i.tlog\link.7968-cvtres.write.1.tlog
c:\users\victor\c++\tutorials\exam_i\debug\exam_i.tlog\link.7968-rc.read.1.tlog
c:\users\victor\c++\tutorials\exam_i\debug\exam_i.tlog\link.7968-rc.write.1.tlog
c:\users\victor\c++\tutorials\exam_i\debug\exam_i.tlog\link.7968.read.1.tlog
c:\users\victor\c++\tutorials\exam_i\debug\exam_i.tlog\link.7968.write.1.tlog
c:\users\victor\c++\tutorials\exam_i\debug\exam_i.tlog\link.command.1.tlog
c:\users\victor\c++\tutorials\exam_i\debug\exam_i.tlog\link.read.1.tlog
c:\users\victor\c++\tutorials\exam_i\debug\exam_i.tlog\link.write.1.tlog
